app/build/outputs/logs/manifest-merger-debug-report.txt
-- Merging decision tree log ---
manifest
ADDED from src/main/AndroidManifest.xml:2:1-108:12
	package
		ADDED from src/main/AndroidManifest.xml:4:5-41
		INJECTED from src/main/AndroidManifest.xml
		INJECTED from src/main/AndroidManifest.xml
	android:versionName
		ADDED from src/main/AndroidManifest.xml:6:7-32
		INJECTED from src/main/AndroidManifest.xml
		INJECTED from src/main/AndroidManifest.xml
	xmlns:tools
		ADDED from src/main/AndroidManifest.xml:3:5-51
	android:versionCode
		ADDED from src/main/AndroidManifest.xml:5:7-30
		INJECTED from src/main/AndroidManifest.xml
		INJECTED from src/main/AndroidManifest.xml
	xmlns:android
		ADDED from src/main/AndroidManifest.xml:2:11-69
application
ADDED from src/main/AndroidManifest.xml:8:5-74:19
MERGED from [com.google.android.gms:play-services-appindexing:8.1.0] AndroidManifest.xml:19:5-20
MERGED from [com.google.android.gms:play-services-basement:8.1.0] AndroidManifest.xml:20:5-24:19
MERGED from [com.android.support:support-v4:22.2.0] AndroidManifest.xml:22:5-20
MERGED from [com.klinkerapps:android-smsmms:3.5.0] AndroidManifest.xml:9:5-16:19
	android:label
		ADDED from src/main/AndroidManifest.xml:8:56-88
	android:debuggable
		ADDED from src/main/AndroidManifest.xml:8:89-114
	tools:ignore
		ADDED from src/main/AndroidManifest.xml:11:9-42
	android:icon
		ADDED from src/main/AndroidManifest.xml:8:18-55
	android:largeHeap
		ADDED from src/main/AndroidManifest.xml:10:9-33
activity#com.iictbuet.pgd0413311001.EmergencyButtonActivity
ADDED from src/main/AndroidManifest.xml:12:9-23:20
	android:screenOrientation
		ADDED from src/main/AndroidManifest.xml:17:13-49
	android:label
		ADDED from src/main/AndroidManifest.xml:13:19-51
	android:windowNoTitle
		ADDED from src/main/AndroidManifest.xml:16:19-47
	android:launchMode
		ADDED from src/main/AndroidManifest.xml:15:19-48
	android:theme
		ADDED from src/main/AndroidManifest.xml:14:19-52
	android:name
		ADDED from src/main/AndroidManifest.xml:12:19-84
intent-filter#android.intent.action.MAIN+android.intent.category.LAUNCHER
ADDED from src/main/AndroidManifest.xml:19:13-22:29
action#android.intent.action.MAIN
ADDED from src/main/AndroidManifest.xml:20:17-69
	android:name
		ADDED from src/main/AndroidManifest.xml:20:25-66
category#android.intent.category.LAUNCHER
ADDED from src/main/AndroidManifest.xml:21:17-77
	android:name
		ADDED from src/main/AndroidManifest.xml:21:27-74
activity#com.iictbuet.pgd0413311001.EmergencyActivity
ADDED from src/main/AndroidManifest.xml:24:9-29:20
	android:label
		ADDED from src/main/AndroidManifest.xml:25:19-55
	android:launchMode
		ADDED from src/main/AndroidManifest.xml:27:19-54
	android:theme
		ADDED from src/main/AndroidManifest.xml:26:19-65
	android:name
		ADDED from src/main/AndroidManifest.xml:24:19-78
activity#com.iictbuet.pgd0413311001.IntroActivity
ADDED from src/main/AndroidManifest.xml:31:9-36:20
	android:label
		ADDED from src/main/AndroidManifest.xml:32:19-53
	android:launchMode
		ADDED from src/main/AndroidManifest.xml:34:19-54
	android:theme
		ADDED from src/main/AndroidManifest.xml:33:19-62
	android:name
		ADDED from src/main/AndroidManifest.xml:31:19-74
activity#com.iictbuet.pgd0413311001.VideoStackActivity
ADDED from src/main/AndroidManifest.xml:37:9-91
	android:name
		ADDED from src/main/AndroidManifest.xml:37:19-79
activity#com.iictbuet.pgd0413311001.Locator$DgCamActivity
ADDED from src/main/AndroidManifest.xml:38:9-42:83
	android:screenOrientation
		ADDED from src/main/AndroidManifest.xml:41:13-49
	android:label
		ADDED from src/main/AndroidManifest.xml:39:13-45
	android:theme
		ADDED from src/main/AndroidManifest.xml:42:13-71
	android:name
		ADDED from src/main/AndroidManifest.xml:40:13-76
activity#com.iictbuet.pgd0413311001.NoCamera
ADDED from src/main/AndroidManifest.xml:43:9-140
	android:theme
		ADDED from src/main/AndroidManifest.xml:43:70-128
	android:name
		ADDED from src/main/AndroidManifest.xml:43:19-69
activity#com.iictbuet.pgd0413311001.NoSDCard
ADDED from src/main/AndroidManifest.xml:44:9-140
	android:theme
		ADDED from src/main/AndroidManifest.xml:44:70-128
	android:name
		ADDED from src/main/AndroidManifest.xml:44:19-69
receiver#com.iictbuet.pgd0413311001.EmergencyWidgetProvider
ADDED from src/main/AndroidManifest.xml:46:3-51:14
	android:label
		ADDED from src/main/AndroidManifest.xml:46:79-114
	android:name
		ADDED from src/main/AndroidManifest.xml:46:13-78
intent-filter#android.appwidget.action.APPWIDGET_UPDATE
ADDED from src/main/AndroidManifest.xml:47:7-49:23
action#android.appwidget.action.APPWIDGET_UPDATE
ADDED from src/main/AndroidManifest.xml:48:11-78
	android:name
		ADDED from src/main/AndroidManifest.xml:48:19-75
meta-data#android.appwidget.provider
ADDED from src/main/AndroidManifest.xml:50:7-93
	android:resource
		ADDED from src/main/AndroidManifest.xml:50:60-90
	android:name
		ADDED from src/main/AndroidManifest.xml:50:18-59
meta-data#com.google.android.gms.version
ADDED from src/main/AndroidManifest.xml:54:9-56:69
MERGED from [com.google.android.gms:play-services-basement:8.1.0] AndroidManifest.xml:21:9-23:69
	android:value
		ADDED from src/main/AndroidManifest.xml:56:13-66
	android:name
		ADDED from src/main/AndroidManifest.xml:55:13-58
service#com.android.mms.transaction.TransactionService
ADDED from src/main/AndroidManifest.xml:60:9-81
	android:name
		ADDED from src/main/AndroidManifest.xml:60:18-79
receiver#com.klinker.android.send_message.SentReceiver
ADDED from src/main/AndroidManifest.xml:62:9-66:20
	android:name
		ADDED from src/main/AndroidManifest.xml:62:19-79
intent-filter#com.iictbuet.pgd0413311001.SMS_SENT
ADDED from src/main/AndroidManifest.xml:63:13-65:29
action#com.iictbuet.pgd0413311001.SMS_SENT
ADDED from src/main/AndroidManifest.xml:64:17-78
	android:name
		ADDED from src/main/AndroidManifest.xml:64:25-75
receiver#com.klinker.android.send_message.DeliveredReceiver
ADDED from src/main/AndroidManifest.xml:68:9-72:20
	android:name
		ADDED from src/main/AndroidManifest.xml:68:19-84
intent-filter#com.iictbuet.pgd0413311001.SMS_DELIVERED
ADDED from src/main/AndroidManifest.xml:69:13-71:29
action#com.iictbuet.pgd0413311001.SMS_DELIVERED
ADDED from src/main/AndroidManifest.xml:70:17-83
	android:name
		ADDED from src/main/AndroidManifest.xml:70:25-80
service#com.iictbuet.pgd0413311001.MyService
ADDED from src/main/AndroidManifest.xml:73:9-80
	android:name
		ADDED from src/main/AndroidManifest.xml:73:18-69
uses-sdk
ADDED from src/main/AndroidManifest.xml:77:5-43
MERGED from [com.google.android.gms:play-services-appindexing:8.1.0] AndroidManifest.xml:18:5-42
MERGED from [com.google.android.gms:play-services-basement:8.1.0] AndroidManifest.xml:18:5-42
MERGED from [com.android.support:support-v4:22.2.0] AndroidManifest.xml:20:5-43
MERGED from [com.klinkerapps:android-smsmms:3.5.0] AndroidManifest.xml:5:5-7:41
	android:targetSdkVersion
		INJECTED from src/main/AndroidManifest.xml
		INJECTED from src/main/AndroidManifest.xml
	android:minSdkVersion
		ADDED from src/main/AndroidManifest.xml:77:15-40
		INJECTED from src/main/AndroidManifest.xml
		INJECTED from src/main/AndroidManifest.xml
uses-permission#android.permission.VIBRATE
ADDED from src/main/AndroidManifest.xml:78:5-65
	android:name
		ADDED from src/main/AndroidManifest.xml:78:22-63
uses-permission#android.permission.RECORD_AUDIO
ADDED from src/main/AndroidManifest.xml:79:5-71
	android:name
		ADDED from src/main/AndroidManifest.xml:79:22-68
uses-permission#android.permission.CAMERA
ADDED from src/main/AndroidManifest.xml:80:5-64
	android:name
		ADDED from src/main/AndroidManifest.xml:80:22-62
uses-feature#android.hardware.camera
ADDED from src/main/AndroidManifest.xml:81:5-60
	android:name
		ADDED from src/main/AndroidManifest.xml:81:19-57
uses-permission#android.permission.READ_INTERNAL_STORAGE
ADDED from src/main/AndroidManifest.xml:82:5-79
	android:name
		ADDED from src/main/AndroidManifest.xml:82:22-77
uses-permission#android.permission.READ_EXTERNAL_STORAGE
ADDED from src/main/AndroidManifest.xml:83:5-79
	android:name
		ADDED from src/main/AndroidManifest.xml:83:22-77
uses-permission#android.permission.WRITE_EXTERNAL_STORAGE
ADDED from src/main/AndroidManifest.xml:84:5-81
	android:name
		ADDED from src/main/AndroidManifest.xml:84:22-78
uses-permission#android.permission.SEND_SMS
ADDED from src/main/AndroidManifest.xml:85:5-67
	android:name
		ADDED from src/main/AndroidManifest.xml:85:22-64
uses-permission#android.permission.ACCESS_FINE_LOCATION
ADDED from src/main/AndroidManifest.xml:86:5-79
	android:name
		ADDED from src/main/AndroidManifest.xml:86:22-76
uses-permission#android.permission.INTERNET
ADDED from src/main/AndroidManifest.xml:87:5-67
	android:name
		ADDED from src/main/AndroidManifest.xml:87:22-64
uses-permission#android.permission.ACCESS_COARSE_LOCATION
ADDED from src/main/AndroidManifest.xml:90:5-97
	android:name
		ADDED from src/main/AndroidManifest.xml:90:22-78
uses-permission#android.permission.READ_SMS
ADDED from src/main/AndroidManifest.xml:95:5-67
	android:name
		ADDED from src/main/AndroidManifest.xml:95:22-64
uses-permission#android.permission.WRITE_SMS
ADDED from src/main/AndroidManifest.xml:96:5-67
	android:name
		ADDED from src/main/AndroidManifest.xml:96:22-65
uses-permission#android.permission.RECEIVE_SMS
ADDED from src/main/AndroidManifest.xml:97:5-69
	android:name
		ADDED from src/main/AndroidManifest.xml:97:22-67
uses-permission#android.permission.RECEIVE_MMS
ADDED from src/main/AndroidManifest.xml:98:5-69
	android:name
		ADDED from src/main/AndroidManifest.xml:98:22-67
uses-permission#android.provider.Telephony.SMS_RECEIVED
ADDED from src/main/AndroidManifest.xml:100:5-79
	android:name
		ADDED from src/main/AndroidManifest.xml:100:22-76
uses-permission#android.permission.ACCESS_WIFI_STATE
ADDED from src/main/AndroidManifest.xml:102:5-76
	android:name
		ADDED from src/main/AndroidManifest.xml:102:22-73
uses-permission#android.permission.CHANGE_WIFI_STATE
ADDED from src/main/AndroidManifest.xml:103:5-76
	android:name
		ADDED from src/main/AndroidManifest.xml:103:22-73
uses-permission#android.permission.CHANGE_NETWORK_STATE
ADDED from src/main/AndroidManifest.xml:104:5-79
	android:name
		ADDED from src/main/AndroidManifest.xml:104:22-76
uses-permission#android.permission.ACCESS_NETWORK_STATE
ADDED from src/main/AndroidManifest.xml:105:5-79
	android:name
		ADDED from src/main/AndroidManifest.xml:105:22-76
uses-permission#android.permission.WRITE_SETTINGS
ADDED from src/main/AndroidManifest.xml:106:5-73
	android:name
		ADDED from src/main/AndroidManifest.xml:106:22-70
provider#com.klinker.android.send_message.MmsFileProvider
ADDED from [com.klinkerapps:android-smsmms:3.5.0] AndroidManifest.xml:10:9-15:50
	android:authorities
		ADDED from [com.klinkerapps:android-smsmms:3.5.0] AndroidManifest.xml:12:13-67
	android:enabled
		ADDED from [com.klinkerapps:android-smsmms:3.5.0] AndroidManifest.xml:13:13-35
	android:grantUriPermissions
		ADDED from [com.klinkerapps:android-smsmms:3.5.0] AndroidManifest.xml:15:13-47
	android:exported
		ADDED from [com.klinkerapps:android-smsmms:3.5.0] AndroidManifest.xml:14:13-37
	android:name
		ADDED from [com.klinkerapps:android-smsmms:3.5.0] AndroidManifest.xml:11:13-76